[4.021s] Invoking command in '/home/pi/ros2_ws/src/python_parameters': DEBUGINFOD_URLS=https://debuginfod.ubuntu.com PYTHONPATH=/home/pi/ros2_ws/build/python_parameters/prefix_override:/usr/lib/python3/dist-packages/colcon_core/task/python/colcon_distutils_commands:/home/pi/ros2_ws/install/python_parameters/lib/python3.12/site-packages:${PYTHONPATH} /usr/bin/python3 -W ignore:setup.py install is deprecated setup.py egg_info --egg-base ../../build/python_parameters build --build-base /home/pi/ros2_ws/build/python_parameters/build install --record /home/pi/ros2_ws/build/python_parameters/install.log --single-version-externally-managed install_data
[5.343s] running egg_info
[5.437s] writing ../../build/python_parameters/python_parameters.egg-info/PKG-INFO
[5.438s] writing dependency_links to ../../build/python_parameters/python_parameters.egg-info/dependency_links.txt
[5.440s] writing entry points to ../../build/python_parameters/python_parameters.egg-info/entry_points.txt
[5.442s] writing requirements to ../../build/python_parameters/python_parameters.egg-info/requires.txt
[5.443s] writing top-level names to ../../build/python_parameters/python_parameters.egg-info/top_level.txt
[5.631s] reading manifest file '../../build/python_parameters/python_parameters.egg-info/SOURCES.txt'
[5.633s] adding license file 'LICENSE'
[5.635s] writing manifest file '../../build/python_parameters/python_parameters.egg-info/SOURCES.txt'
[5.636s] running build
[5.637s] running build_py
[5.638s] copying python_parameters/subscriber_member_function.py -> /home/pi/ros2_ws/build/python_parameters/build/lib/python_parameters
[5.639s] running install
[5.664s] running install_lib
[5.758s] copying /home/pi/ros2_ws/build/python_parameters/build/lib/python_parameters/subscriber_member_function.py -> /home/pi/ros2_ws/install/python_parameters/lib/python3.12/site-packages/python_parameters
[5.762s] byte-compiling /home/pi/ros2_ws/install/python_parameters/lib/python3.12/site-packages/python_parameters/subscriber_member_function.py to subscriber_member_function.cpython-312.pyc
[5.766s] running install_data
[5.767s] running install_egg_info
[5.865s] removing '/home/pi/ros2_ws/install/python_parameters/lib/python3.12/site-packages/python_parameters-0.0.0-py3.12.egg-info' (and everything under it)
[5.867s] Copying ../../build/python_parameters/python_parameters.egg-info to /home/pi/ros2_ws/install/python_parameters/lib/python3.12/site-packages/python_parameters-0.0.0-py3.12.egg-info
[5.874s] running install_scripts
[6.586s] Installing imu_listener script to /home/pi/ros2_ws/install/python_parameters/lib/python_parameters
[6.587s] Installing listener script to /home/pi/ros2_ws/install/python_parameters/lib/python_parameters
[6.591s] Installing talker script to /home/pi/ros2_ws/install/python_parameters/lib/python_parameters
[6.593s] writing list of installed files to '/home/pi/ros2_ws/build/python_parameters/install.log'
[6.736s] Invoked command in '/home/pi/ros2_ws/src/python_parameters' returned '0': DEBUGINFOD_URLS=https://debuginfod.ubuntu.com PYTHONPATH=/home/pi/ros2_ws/build/python_parameters/prefix_override:/usr/lib/python3/dist-packages/colcon_core/task/python/colcon_distutils_commands:/home/pi/ros2_ws/install/python_parameters/lib/python3.12/site-packages:${PYTHONPATH} /usr/bin/python3 -W ignore:setup.py install is deprecated setup.py egg_info --egg-base ../../build/python_parameters build --build-base /home/pi/ros2_ws/build/python_parameters/build install --record /home/pi/ros2_ws/build/python_parameters/install.log --single-version-externally-managed install_data
